
RAxML-NG v. 1.0.1 released on 19.09.2020 by The Exelixis Lab.
Developed by: Alexey M. Kozlov and Alexandros Stamatakis.
Contributors: Diego Darriba, Tomas Flouri, Benoit Morel, Sarah Lutteropp, Ben Bettisworth.
Latest version: https://github.com/amkozlov/raxml-ng
Questions/problems/suggestions? Please visit: https://groups.google.com/forum/#!forum/raxml

System: Intel(R) Core(TM) i7-7660U CPU @ 2.50GHz, 2 cores, 16 GB RAM

RAxML-NG was called at 23-Jul-2023 16:11:14 as follows:

/Users/noa/Programs/Raxml/raxml-ng --force msa --force perf_threads --msa /Users/noa/Workspace/bootstrap_results/test/job_0/raxml_tree_0/13749/iqtree_msa_0/sim_msa.phy --model JTT+G --start --tree pars{50} --prefix /Users/noa/Workspace/bootstrap_repo/simulation_edit/garbage/pars_tree_generation --seed 1 --redo

Analysis options:
  run mode: Starting tree generation
  start tree(s): parsimony (50)
  random seed: 1
  SIMD kernels: AVX2
  parallelization: coarse-grained (auto), PTHREADS (auto)

WARNING: Running in REDO mode: existing checkpoints are ignored, and all result files will be overwritten!

WARNING: Running in FORCE mode: some safety checks are disabled!

[00:00:00] Reading alignment from file: /Users/noa/Workspace/bootstrap_results/test/job_0/raxml_tree_0/13749/iqtree_msa_0/sim_msa.phy
[00:00:00] Loaded alignment with 25 taxa and 120 sites

Alignment comprises 1 partitions and 112 patterns

Partition 0: noname
Model: JTT+G4m
Alignment sites / patterns: 120 / 112
Gaps: 0.00 %
Invariant sites: 20.00 %


NOTE: Binary MSA file created: /Users/noa/Workspace/bootstrap_repo/simulation_edit/garbage/pars_tree_generation.raxml.rba

[00:00:00] Generating 50 parsimony starting tree(s) with 25 taxa

All starting trees saved to: /Users/noa/Workspace/bootstrap_repo/simulation_edit/garbage/pars_tree_generation.raxml.startTree


Execution log saved to: /Users/noa/Workspace/bootstrap_repo/simulation_edit/garbage/pars_tree_generation.raxml.log

Analysis started: 23-Jul-2023 16:11:14 / finished: 23-Jul-2023 16:11:14

Elapsed time: 0.029 seconds

