IQ-TREE multicore version 2.1.3 COVID-edition for Mac OS X 64-bit built Oct  4 2021
Developed by Bui Quang Minh, James Barbetti, Nguyen Lam Tung,
Olga Chernomor, Heiko Schmidt, Dominik Schrempf, Michael Woodhams.

Host:    shakeds-mbp-2.lan (AVX2, FMA3, 16 GB RAM)
Command: /Users/noa/Programs/iqtree-2.1.3-MacOSX/bin/iqtree2 -s /Users/noa/Workspace/bootstrap_results/test/job_0/raxml_tree_0/25117/iqtree_msa_0/sim_msa.fa -m GTR+G -seed 5 -pre /Users/noa/Workspace/bootstrap_repo/side_code/trash/prefix -alrt 0 -abayes -bb 1000 -redo
Seed:    5 (Using SPRNG - Scalable Parallel Random Number Generator)
Time:    Sat Jul 29 23:18:45 2023
Kernel:  AVX+FMA - 1 threads (4 CPU cores detected)

HINT: Use -nt option to specify number of threads because your CPU has 4 cores!
HINT: -nt AUTO will automatically determine the best number of threads to use.

Reading alignment file /Users/noa/Workspace/bootstrap_results/test/job_0/raxml_tree_0/25117/iqtree_msa_0/sim_msa.fa ... Fasta format detected
Alignment most likely contains DNA/RNA sequences
Alignment has 30 sequences with 112 columns, 108 distinct patterns
96 parsimony-informative, 9 singleton sites, 7 constant sites
         Gap/Ambiguity  Composition  p-value
   1  taxon1     0.00%    passed     55.50%
   2  taxon2     0.00%    passed     78.01%
   3  taxon3     0.00%    passed     84.62%
   4  taxon4     0.00%    passed     69.74%
   5  taxon5     0.00%    passed     20.69%
   6  taxon6     0.00%    passed     22.43%
   7  taxon7     0.00%    passed     11.93%
   8  taxon8     0.00%    passed     50.80%
   9  taxon9     0.00%    passed     79.93%
  10  taxon10    0.00%    passed     68.40%
  11  taxon11    0.00%    passed     67.00%
  12  taxon12    0.00%    passed     62.00%
  13  taxon13    0.00%    passed     50.67%
  14  taxon14    0.00%    passed     99.55%
  15  taxon15    0.00%    passed     32.26%
  16  taxon16    0.00%    passed     89.86%
  17  taxon17    0.00%    passed     84.43%
  18  taxon18    0.00%    passed     48.85%
  19  taxon19    0.00%    passed     77.93%
  20  taxon20    0.00%    passed     51.08%
  21  taxon21    0.00%    passed     56.08%
  22  taxon22    0.00%    passed     65.76%
  23  taxon23    0.00%    passed     98.85%
  24  taxon24    0.00%    passed     10.39%
  25  taxon25    0.00%    passed     28.94%
  26  taxon26    0.00%    passed     92.59%
  27  taxon27    0.00%    passed     53.66%
  28  taxon28    0.00%    passed     76.06%
  29  taxon29    0.00%    passed     95.44%
  30  taxon30    0.00%    passed     74.13%
****  TOTAL      0.00%  0 sequences failed composition chi2 test (p-value<5%; df=3)

Create initial parsimony tree by phylogenetic likelihood library (PLL)... 0.001 seconds
Generating 1000 samples for ultrafast bootstrap (seed: 5)...

NOTE: 0 MB RAM (0 GB) is required!
Estimate model parameters (epsilon = 0.100)
1. Initial log-likelihood: -3071.091
2. Current log-likelihood: -2994.207
3. Current log-likelihood: -2989.724
4. Current log-likelihood: -2989.541
Optimal log-likelihood: -2989.513
Rate parameters:  A-C: 0.33822  A-G: 2.89558  A-T: 1.97997  C-G: 1.57324  C-T: 3.86035  G-T: 1.00000
Base frequencies:  A: 0.303  C: 0.130  G: 0.210  T: 0.358
Gamma shape alpha: 0.872
Parameters optimization took 4 rounds (0.030 sec)
Computing ML distances based on estimated model parameters...
Computing ML distances took 0.020979 sec (of wall-clock time) 0.020899 sec(of CPU time)
WARNING: Some pairwise ML distances are too long (saturated)
Computing RapidNJ tree took 0.000094 sec (of wall-clock time) 0.000091 sec (of CPU time)
Log-likelihood of RapidNJ tree: -2988.581
--------------------------------------------------------------------
|             INITIALIZING CANDIDATE TREE SET                      |
--------------------------------------------------------------------
Generating 98 parsimony trees... 0.139 second
Computing log-likelihood of 98 initial trees ... 0.103 seconds
Current best score: -2988.581

Do NNI search on 20 best initial trees
Estimate model parameters (epsilon = 0.100)
BETTER TREE FOUND at iteration 1: -2975.544
Estimate model parameters (epsilon = 0.100)
BETTER TREE FOUND at iteration 3: -2970.812
Iteration 10 / LogL: -2971.385 / Time: 0h:0m:0s
Iteration 20 / LogL: -2978.425 / Time: 0h:0m:0s
Finish initializing candidate tree set (11)
Current best tree score: -2970.812 / CPU time: 0.831
Number of iterations: 20
--------------------------------------------------------------------
|               OPTIMIZING CANDIDATE TREE SET                      |
--------------------------------------------------------------------
Iteration 30 / LogL: -2970.864 / Time: 0h:0m:1s (0h:0m:2s left)
Iteration 40 / LogL: -2971.019 / Time: 0h:0m:1s (0h:0m:2s left)
Iteration 50 / LogL: -2970.977 / Time: 0h:0m:1s (0h:0m:1s left)
Log-likelihood cutoff on original alignment: -2997.275
Iteration 60 / LogL: -2971.018 / Time: 0h:0m:2s (0h:0m:1s left)
Iteration 70 / LogL: -2971.018 / Time: 0h:0m:2s (0h:0m:1s left)
Iteration 80 / LogL: -2970.947 / Time: 0h:0m:2s (0h:0m:0s left)
Iteration 90 / LogL: -2973.650 / Time: 0h:0m:2s (0h:0m:0s left)
Iteration 100 / LogL: -2971.018 / Time: 0h:0m:3s (0h:0m:0s left)
Log-likelihood cutoff on original alignment: -2997.275
NOTE: Bootstrap correlation coefficient of split occurrence frequencies: 0.998
TREE SEARCH COMPLETED AFTER 104 ITERATIONS / Time: 0h:0m:3s

--------------------------------------------------------------------
|                    FINALIZING TREE SEARCH                        |
--------------------------------------------------------------------
Performs final model parameters optimization
Estimate model parameters (epsilon = 0.010)
1. Initial log-likelihood: -2970.812
Optimal log-likelihood: -2970.809
Rate parameters:  A-C: 0.25523  A-G: 2.93743  A-T: 2.09164  C-G: 1.45531  C-T: 3.93707  G-T: 1.00000
Base frequencies:  A: 0.303  C: 0.130  G: 0.210  T: 0.358
Gamma shape alpha: 0.836
Parameters optimization took 1 rounds (0.003 sec)
BEST SCORE FOUND : -2970.809

Testing tree branches by aLRT parametric test...
Testing tree branches by aBayes parametric test...
0.003 sec.
Creating bootstrap support values...
Split supports printed to NEXUS file /Users/noa/Workspace/bootstrap_repo/side_code/trash/prefix.splits.nex
Total tree length: 14.917

Total number of iterations: 104
CPU time used for tree search: 3.237 sec (0h:0m:3s)
Wall-clock time used for tree search: 3.147 sec (0h:0m:3s)
Total CPU time used: 3.396 sec (0h:0m:3s)
Total wall-clock time used: 3.307 sec (0h:0m:3s)

Computing bootstrap consensus tree...
Reading input file /Users/noa/Workspace/bootstrap_repo/side_code/trash/prefix.splits.nex...
30 taxa and 250 splits.
Consensus tree written to /Users/noa/Workspace/bootstrap_repo/side_code/trash/prefix.contree
Reading input trees file /Users/noa/Workspace/bootstrap_repo/side_code/trash/prefix.contree
Log-likelihood of consensus tree: -2970.809

Analysis results written to: 
  IQ-TREE report:                /Users/noa/Workspace/bootstrap_repo/side_code/trash/prefix.iqtree
  Maximum-likelihood tree:       /Users/noa/Workspace/bootstrap_repo/side_code/trash/prefix.treefile
  Likelihood distances:          /Users/noa/Workspace/bootstrap_repo/side_code/trash/prefix.mldist

Ultrafast bootstrap approximation results written to:
  Split support values:          /Users/noa/Workspace/bootstrap_repo/side_code/trash/prefix.splits.nex
  Consensus tree:                /Users/noa/Workspace/bootstrap_repo/side_code/trash/prefix.contree
  Screen log file:               /Users/noa/Workspace/bootstrap_repo/side_code/trash/prefix.log

Date and Time: Sat Jul 29 23:18:49 2023
